<?xml version="1.0" encoding="UTF-8"?>
<!-- Generated by org.testng.reporters.JUnitReportReporter -->
<testsuite hostname="Shashidhar" failures="0" tests="4" name="testing_trello.api_test_trello" time="52.434" errors="0" timestamp="2023-06-24T20:55:16 IST" skipped="0">
  <testcase classname="testing_trello.api_test_trello" name="beforetest" time="48.577"/>
  <system-out/>
  <testcase classname="testing_trello.api_test_trello" name="create_board" time="0.980"/>
  <system-out/>
  <testcase classname="testing_trello.api_test_trello" name="get_board" time="0.897"/>
  <system-out/>
  <testcase classname="testing_trello.api_test_trello" name="delete_board" time="1.980"/>
  <system-out/>
</testsuite> <!-- testing_trello.api_test_trello -->
